<?xml version="1.0" encoding="UTF-8"?>
<!-- Generated by org.testng.reporters.JUnitReportReporter -->
<testsuite skipped="0" hostname="New-PC" name="TC.LoginTC" tests="1" failures="0" timestamp="2021-01-04T12:15:19 IST" time="28.583" errors="0">
  <testcase name="loginTC" time="28.583" classname="TC.LoginTC"/>
  <system-out/>
</testsuite> <!-- TC.LoginTC -->
